app/build/intermediates/manifest_merge_blame_file/debug/manifest-merger-blame-debug-report.txt
1<?xml version="1.0" encoding="utf-8"?>
2<manifest xmlns:android="http://schemas.android.com/apk/res/android"
3    package="com.anonymous.reviews"
4    android:versionCode="1"
5    android:versionName="1.0" >
6
7    <uses-sdk
8        android:minSdkVersion="21"
9        android:targetSdkVersion="30" />
10
11    <uses-permission android:name="android.permission.ACCESS_NETWORK_STATE" />
11-->src/main/AndroidManifest.xml:4:5-78
11-->src/main/AndroidManifest.xml:4:22-76
12    <uses-permission android:name="android.permission.INTERNET" />
12-->src/main/AndroidManifest.xml:5:5-67
12-->src/main/AndroidManifest.xml:5:22-64
13    <uses-permission android:name="android.permission.REORDER_TASKS" /> <!-- Permission will be merged into the manifest of the hosting app. -->
13-->[androidx.fragment:fragment-testing:1.3.6] AndroidManifest.xml:25:5-72
13-->[androidx.fragment:fragment-testing:1.3.6] AndroidManifest.xml:25:22-69
14    <!-- Is required to launch foreground extraction service for targetSdkVersion 28+. -->
15    <uses-permission android:name="android.permission.FOREGROUND_SERVICE" />
15-->[com.google.android.play:core:1.9.1] AndroidManifest.xml:8:3-74
15-->[com.google.android.play:core:1.9.1] AndroidManifest.xml:8:20-72
16
17    <application
17-->src/main/AndroidManifest.xml:6:5-23:19
18        android:name="com.anonymous.reviews.ApplicationController"
18-->src/main/AndroidManifest.xml:7:9-46
19        android:allowBackup="false"
19-->src/main/AndroidManifest.xml:8:9-36
20        android:appComponentFactory="androidx.core.app.CoreComponentFactory"
20-->[androidx.core:core:1.6.0] AndroidManifest.xml:24:18-86
21        android:debuggable="true"
22        android:icon="@mipmap/ic_launcher"
22-->src/main/AndroidManifest.xml:9:9-43
23        android:label="@string/app_name"
23-->src/main/AndroidManifest.xml:10:9-41
24        android:roundIcon="@mipmap/ic_launcher_round"
24-->src/main/AndroidManifest.xml:11:9-54
25        android:supportsRtl="true"
25-->src/main/AndroidManifest.xml:12:9-35
26        android:testOnly="true"
27        android:theme="@style/Theme.Reviews" >
27-->src/main/AndroidManifest.xml:13:9-45
28        <activity
28-->src/debug/AndroidManifest.xml:5:9-8:20
29            android:name="com.anonymous.reviews.HiltTestActivity"
29-->src/debug/AndroidManifest.xml:6:13-45
30            android:exported="false" >
30-->src/debug/AndroidManifest.xml:7:13-37
31        </activity>
32        <activity
32-->src/main/AndroidManifest.xml:14:9-22:20
33            android:name="com.anonymous.reviews.MainActivity"
33-->src/main/AndroidManifest.xml:15:13-41
34            android:exported="true" >
34-->src/main/AndroidManifest.xml:16:13-36
35            <intent-filter>
35-->src/main/AndroidManifest.xml:17:13-21:29
36                <action android:name="android.intent.action.MAIN" />
36-->src/main/AndroidManifest.xml:18:17-69
36-->src/main/AndroidManifest.xml:18:25-66
37
38                <category android:name="android.intent.category.LAUNCHER" />
38-->src/main/AndroidManifest.xml:20:17-77
38-->src/main/AndroidManifest.xml:20:27-74
39            </intent-filter>
40        </activity>
41        <activity
41-->[androidx.fragment:fragment-testing:1.3.6] AndroidManifest.xml:28:9-37:20
42            android:name="androidx.fragment.app.testing.FragmentScenario$EmptyFragmentActivity"
42-->[androidx.fragment:fragment-testing:1.3.6] AndroidManifest.xml:29:13-96
43            android:exported="true"
43-->[androidx.fragment:fragment-testing:1.3.6] AndroidManifest.xml:30:13-36
44            android:multiprocess="true"
44-->[androidx.fragment:fragment-testing:1.3.6] AndroidManifest.xml:31:13-40
45            android:taskAffinity=""
45-->[androidx.fragment:fragment-testing:1.3.6] AndroidManifest.xml:32:13-36
46            android:theme="@style/FragmentScenarioEmptyFragmentActivityTheme" >
46-->[androidx.fragment:fragment-testing:1.3.6] AndroidManifest.xml:33:13-78
47            <intent-filter>
47-->[androidx.fragment:fragment-testing:1.3.6] AndroidManifest.xml:34:13-36:29
48                <action android:name="android.intent.action.MAIN" />
48-->src/main/AndroidManifest.xml:18:17-69
48-->src/main/AndroidManifest.xml:18:25-66
49            </intent-filter>
50        </activity>
51        <activity
51-->[androidx.test:core:1.3.0] AndroidManifest.xml:27:9-33:20
52            android:name="androidx.test.core.app.InstrumentationActivityInvoker$BootstrapActivity"
52-->[androidx.test:core:1.3.0] AndroidManifest.xml:28:13-99
53            android:theme="@android:style/Theme" >
53-->[androidx.test:core:1.3.0] AndroidManifest.xml:29:13-49
54            <intent-filter>
54-->[androidx.fragment:fragment-testing:1.3.6] AndroidManifest.xml:34:13-36:29
55                <action android:name="android.intent.action.MAIN" />
55-->src/main/AndroidManifest.xml:18:17-69
55-->src/main/AndroidManifest.xml:18:25-66
56            </intent-filter>
57        </activity>
58        <activity
58-->[androidx.test:core:1.3.0] AndroidManifest.xml:34:9-40:20
59            android:name="androidx.test.core.app.InstrumentationActivityInvoker$EmptyActivity"
59-->[androidx.test:core:1.3.0] AndroidManifest.xml:35:13-95
60            android:theme="@android:style/Theme" >
60-->[androidx.test:core:1.3.0] AndroidManifest.xml:36:13-49
61            <intent-filter>
61-->[androidx.fragment:fragment-testing:1.3.6] AndroidManifest.xml:34:13-36:29
62                <action android:name="android.intent.action.MAIN" />
62-->src/main/AndroidManifest.xml:18:17-69
62-->src/main/AndroidManifest.xml:18:25-66
63            </intent-filter>
64        </activity>
65        <activity
65-->[androidx.test:core:1.3.0] AndroidManifest.xml:41:9-47:20
66            android:name="androidx.test.core.app.InstrumentationActivityInvoker$EmptyFloatingActivity"
66-->[androidx.test:core:1.3.0] AndroidManifest.xml:42:13-103
67            android:theme="@android:style/Theme.Dialog" >
67-->[androidx.test:core:1.3.0] AndroidManifest.xml:43:13-56
68            <intent-filter>
68-->[androidx.fragment:fragment-testing:1.3.6] AndroidManifest.xml:34:13-36:29
69                <action android:name="android.intent.action.MAIN" />
69-->src/main/AndroidManifest.xml:18:17-69
69-->src/main/AndroidManifest.xml:18:25-66
70            </intent-filter>
71        </activity>
72
73        <provider
73-->[androidx.lifecycle:lifecycle-process:2.2.0] AndroidManifest.xml:25:9-29:43
74            android:name="androidx.lifecycle.ProcessLifecycleOwnerInitializer"
74-->[androidx.lifecycle:lifecycle-process:2.2.0] AndroidManifest.xml:26:13-79
75            android:authorities="com.anonymous.reviews.lifecycle-process"
75-->[androidx.lifecycle:lifecycle-process:2.2.0] AndroidManifest.xml:27:13-69
76            android:exported="false"
76-->[androidx.lifecycle:lifecycle-process:2.2.0] AndroidManifest.xml:28:13-37
77            android:multiprocess="true" /> <!-- The activities will be merged into the manifest of the hosting app. -->
77-->[androidx.lifecycle:lifecycle-process:2.2.0] AndroidManifest.xml:29:13-40
78        <activity
78-->[com.google.android.play:core:1.9.1] AndroidManifest.xml:12:5-271
79            android:name="com.google.android.play.core.missingsplits.PlayCoreMissingSplitsActivity"
79-->[com.google.android.play:core:1.9.1] AndroidManifest.xml:12:15-102
80            android:enabled="false"
80-->[com.google.android.play:core:1.9.1] AndroidManifest.xml:12:103-126
81            android:exported="false"
81-->[com.google.android.play:core:1.9.1] AndroidManifest.xml:12:127-151
82            android:launchMode="singleInstance"
82-->[com.google.android.play:core:1.9.1] AndroidManifest.xml:12:204-239
83            android:process=":playcore_missing_splits_activity"
83-->[com.google.android.play:core:1.9.1] AndroidManifest.xml:12:152-203
84            android:stateNotNeeded="true" />
84-->[com.google.android.play:core:1.9.1] AndroidManifest.xml:12:240-269
85        <activity
85-->[com.google.android.play:core:1.9.1] AndroidManifest.xml:13:5-226
86            android:name="com.google.android.play.core.common.PlayCoreDialogWrapperActivity"
86-->[com.google.android.play:core:1.9.1] AndroidManifest.xml:13:15-95
87            android:enabled="false"
87-->[com.google.android.play:core:1.9.1] AndroidManifest.xml:13:96-119
88            android:exported="false"
88-->[com.google.android.play:core:1.9.1] AndroidManifest.xml:13:120-144
89            android:stateNotNeeded="true"
89-->[com.google.android.play:core:1.9.1] AndroidManifest.xml:13:145-174
90            android:theme="@style/Theme.PlayCore.Transparent" /> <!-- The services will be merged into the manifest of the hosting app. -->
90-->[com.google.android.play:core:1.9.1] AndroidManifest.xml:13:175-224
91        <service
91-->[com.google.android.play:core:1.9.1] AndroidManifest.xml:16:5-18:15
92            android:name="com.google.android.play.core.assetpacks.AssetPackExtractionService"
92-->[com.google.android.play:core:1.9.1] AndroidManifest.xml:16:14-95
93            android:enabled="false"
93-->[com.google.android.play:core:1.9.1] AndroidManifest.xml:16:96-119
94            android:exported="true" >
94-->[com.google.android.play:core:1.9.1] AndroidManifest.xml:16:120-143
95            <meta-data
95-->[com.google.android.play:core:1.9.1] AndroidManifest.xml:17:7-108
96                android:name="com.google.android.play.core.assetpacks.versionCode"
96-->[com.google.android.play:core:1.9.1] AndroidManifest.xml:17:18-84
97                android:value="10901" />
97-->[com.google.android.play:core:1.9.1] AndroidManifest.xml:17:85-106
98        </service>
99        <service
99-->[com.google.android.play:core:1.9.1] AndroidManifest.xml:19:5-147
100            android:name="com.google.android.play.core.assetpacks.ExtractionForegroundService"
100-->[com.google.android.play:core:1.9.1] AndroidManifest.xml:19:14-96
101            android:enabled="false"
101-->[com.google.android.play:core:1.9.1] AndroidManifest.xml:19:97-120
102            android:exported="false" />
102-->[com.google.android.play:core:1.9.1] AndroidManifest.xml:19:121-145
103    </application>
104
105</manifest>